  stdafx.cpp
  main.cpp
C:\Users\mbrin\Documents\GitHub\Iris_Image_Matching\x64\Release\HeaderFiles\Iris\pirCircle.h(95): warning C4251: 'Proline::pirCircle::mCenter': class 'cv::Point_<int>' needs to have dll-interface to be used by clients of class 'Proline::pirCircle'
  C:\Users\mbrin\Downloads\opencv\build\include\opencv2\core\core.hpp(893): note: see declaration of 'cv::Point_<int>'
C:\Users\mbrin\Documents\GitHub\Iris_Image_Matching\x64\Release\HeaderFiles\Iris\pirEye.h(176): warning C4251: 'Proline::pirEye::mpOriginalImage': class 'cv::Mat' needs to have dll-interface to be used by clients of class 'Proline::pirEye'
  C:\Users\mbrin\Downloads\opencv\build\include\opencv2\core\core.hpp(1689): note: see declaration of 'cv::Mat'
C:\Users\mbrin\Documents\GitHub\Iris_Image_Matching\x64\Release\HeaderFiles\Iris\pirEye.h(184): warning C4251: 'Proline::pirEye::mpSegmentedImage': class 'cv::Mat' needs to have dll-interface to be used by clients of class 'Proline::pirEye'
  C:\Users\mbrin\Downloads\opencv\build\include\opencv2\core\core.hpp(1689): note: see declaration of 'cv::Mat'
C:\Users\mbrin\Documents\GitHub\Iris_Image_Matching\x64\Release\HeaderFiles\Iris\pirEye.h(187): warning C4251: 'Proline::pirEye::mpMask': class 'cv::Mat' needs to have dll-interface to be used by clients of class 'Proline::pirEye'
  C:\Users\mbrin\Downloads\opencv\build\include\opencv2\core\core.hpp(1689): note: see declaration of 'cv::Mat'
C:\Users\mbrin\Documents\GitHub\Iris_Image_Matching\x64\Release\HeaderFiles\Iris\pirEye.h(190): warning C4251: 'Proline::pirEye::mpNormalizedImage': class 'cv::Mat' needs to have dll-interface to be used by clients of class 'Proline::pirEye'
  C:\Users\mbrin\Downloads\opencv\build\include\opencv2\core\core.hpp(1689): note: see declaration of 'cv::Mat'
C:\Users\mbrin\Documents\GitHub\Iris_Image_Matching\x64\Release\HeaderFiles\Iris\pirEye.h(193): warning C4251: 'Proline::pirEye::mpNormalizedMask': class 'cv::Mat' needs to have dll-interface to be used by clients of class 'Proline::pirEye'
  C:\Users\mbrin\Downloads\opencv\build\include\opencv2\core\core.hpp(1689): note: see declaration of 'cv::Mat'
C:\Users\mbrin\Documents\GitHub\Iris_Image_Matching\x64\Release\HeaderFiles\Iris\pirEye.h(196): warning C4251: 'Proline::pirEye::mpIrisCode': class 'cv::Mat' needs to have dll-interface to be used by clients of class 'Proline::pirEye'
  C:\Users\mbrin\Downloads\opencv\build\include\opencv2\core\core.hpp(1689): note: see declaration of 'cv::Mat'
C:\Users\mbrin\Documents\GitHub\Iris_Image_Matching\x64\Release\HeaderFiles\Iris\pirEye.h(205): warning C4251: 'Proline::pirEye::mCoarsePupilContour': class 'std::vector<cv::Point,std::allocator<_Ty>>' needs to have dll-interface to be used by clients of class 'Proline::pirEye'
          with
          [
              _Ty=cv::Point
          ]
  C:\Users\mbrin\Downloads\opencv\build\include\opencv2\core\core.hpp(2688): note: see declaration of 'std::vector<cv::Point,std::allocator<_Ty>>'
          with
          [
              _Ty=cv::Point
          ]
C:\Users\mbrin\Documents\GitHub\Iris_Image_Matching\x64\Release\HeaderFiles\Iris\pirEye.h(208): warning C4251: 'Proline::pirEye::mCoarseIrisContour': class 'std::vector<cv::Point,std::allocator<_Ty>>' needs to have dll-interface to be used by clients of class 'Proline::pirEye'
          with
          [
              _Ty=cv::Point
          ]
  C:\Users\mbrin\Downloads\opencv\build\include\opencv2\core\core.hpp(2688): note: see declaration of 'std::vector<cv::Point,std::allocator<_Ty>>'
          with
          [
              _Ty=cv::Point
          ]
C:\Users\mbrin\Documents\GitHub\Iris_Image_Matching\x64\Release\HeaderFiles\Iris\pirEye.h(211): warning C4251: 'Proline::pirEye::mThetaCoarsePupil': class 'std::vector<float,std::allocator<_Ty>>' needs to have dll-interface to be used by clients of class 'Proline::pirEye'
          with
          [
              _Ty=float
          ]
  C:\Users\mbrin\Documents\GitHub\Iris_Image_Matching\x64\Release\HeaderFiles\Iris\pirEye.h(211): note: see declaration of 'std::vector<float,std::allocator<_Ty>>'
          with
          [
              _Ty=float
          ]
C:\Users\mbrin\Documents\GitHub\Iris_Image_Matching\x64\Release\HeaderFiles\Iris\pirEye.h(214): warning C4251: 'Proline::pirEye::mThetaCoarseIris': class 'std::vector<float,std::allocator<_Ty>>' needs to have dll-interface to be used by clients of class 'Proline::pirEye'
          with
          [
              _Ty=float
          ]
  C:\Users\mbrin\Documents\GitHub\Iris_Image_Matching\x64\Release\HeaderFiles\Iris\pirEye.h(211): note: see declaration of 'std::vector<float,std::allocator<_Ty>>'
          with
          [
              _Ty=float
          ]
C:\Users\mbrin\Documents\GitHub\Iris_Image_Matching\x64\Release\HeaderFiles\Iris\pirManager.h(72): warning C4251: 'Proline::pirManager::mFilenameListOfImages': class 'std::basic_string<char,std::char_traits<char>,std::allocator<char>>' needs to have dll-interface to be used by clients of class 'Proline::pirManager'
  C:\Program Files (x86)\Microsoft Visual Studio\2019\Community\VC\Tools\MSVC\14.20.27508\include\xstring(4167): note: see declaration of 'std::basic_string<char,std::char_traits<char>,std::allocator<char>>'
C:\Users\mbrin\Documents\GitHub\Iris_Image_Matching\x64\Release\HeaderFiles\Iris\pirManager.h(73): warning C4251: 'Proline::pirManager::mListOfImages': class 'std::vector<cv::String,std::allocator<_Ty>>' needs to have dll-interface to be used by clients of class 'Proline::pirManager'
          with
          [
              _Ty=cv::String
          ]
  C:\Users\mbrin\Downloads\opencv\build\include\opencv2\core\core.hpp(231): note: see declaration of 'std::vector<cv::String,std::allocator<_Ty>>'
          with
          [
              _Ty=cv::String
          ]
C:\Users\mbrin\Documents\GitHub\Iris_Image_Matching\x64\Release\HeaderFiles\Iris\pirManager.h(74): warning C4251: 'Proline::pirManager::mInputDirOriginalImages': class 'std::basic_string<char,std::char_traits<char>,std::allocator<char>>' needs to have dll-interface to be used by clients of class 'Proline::pirManager'
  C:\Program Files (x86)\Microsoft Visual Studio\2019\Community\VC\Tools\MSVC\14.20.27508\include\xstring(4167): note: see declaration of 'std::basic_string<char,std::char_traits<char>,std::allocator<char>>'
C:\Users\mbrin\Documents\GitHub\Iris_Image_Matching\x64\Release\HeaderFiles\Iris\pirManager.h(75): warning C4251: 'Proline::pirManager::mInputDirMasks': class 'std::basic_string<char,std::char_traits<char>,std::allocator<char>>' needs to have dll-interface to be used by clients of class 'Proline::pirManager'
  C:\Program Files (x86)\Microsoft Visual Studio\2019\Community\VC\Tools\MSVC\14.20.27508\include\xstring(4167): note: see declaration of 'std::basic_string<char,std::char_traits<char>,std::allocator<char>>'
C:\Users\mbrin\Documents\GitHub\Iris_Image_Matching\x64\Release\HeaderFiles\Iris\pirManager.h(76): warning C4251: 'Proline::pirManager::mInputDirParameters': class 'std::basic_string<char,std::char_traits<char>,std::allocator<char>>' needs to have dll-interface to be used by clients of class 'Proline::pirManager'
  C:\Program Files (x86)\Microsoft Visual Studio\2019\Community\VC\Tools\MSVC\14.20.27508\include\xstring(4167): note: see declaration of 'std::basic_string<char,std::char_traits<char>,std::allocator<char>>'
C:\Users\mbrin\Documents\GitHub\Iris_Image_Matching\x64\Release\HeaderFiles\Iris\pirManager.h(77): warning C4251: 'Proline::pirManager::mInputDirNormalizedImages': class 'std::basic_string<char,std::char_traits<char>,std::allocator<char>>' needs to have dll-interface to be used by clients of class 'Proline::pirManager'
  C:\Program Files (x86)\Microsoft Visual Studio\2019\Community\VC\Tools\MSVC\14.20.27508\include\xstring(4167): note: see declaration of 'std::basic_string<char,std::char_traits<char>,std::allocator<char>>'
C:\Users\mbrin\Documents\GitHub\Iris_Image_Matching\x64\Release\HeaderFiles\Iris\pirManager.h(78): warning C4251: 'Proline::pirManager::mInputDirNormalizedMasks': class 'std::basic_string<char,std::char_traits<char>,std::allocator<char>>' needs to have dll-interface to be used by clients of class 'Proline::pirManager'
  C:\Program Files (x86)\Microsoft Visual Studio\2019\Community\VC\Tools\MSVC\14.20.27508\include\xstring(4167): note: see declaration of 'std::basic_string<char,std::char_traits<char>,std::allocator<char>>'
C:\Users\mbrin\Documents\GitHub\Iris_Image_Matching\x64\Release\HeaderFiles\Iris\pirManager.h(79): warning C4251: 'Proline::pirManager::mInputDirIrisCodes': class 'std::basic_string<char,std::char_traits<char>,std::allocator<char>>' needs to have dll-interface to be used by clients of class 'Proline::pirManager'
  C:\Program Files (x86)\Microsoft Visual Studio\2019\Community\VC\Tools\MSVC\14.20.27508\include\xstring(4167): note: see declaration of 'std::basic_string<char,std::char_traits<char>,std::allocator<char>>'
C:\Users\mbrin\Documents\GitHub\Iris_Image_Matching\x64\Release\HeaderFiles\Iris\pirManager.h(82): warning C4251: 'Proline::pirManager::mOutputDirSegmentedImages': class 'std::basic_string<char,std::char_traits<char>,std::allocator<char>>' needs to have dll-interface to be used by clients of class 'Proline::pirManager'
  C:\Program Files (x86)\Microsoft Visual Studio\2019\Community\VC\Tools\MSVC\14.20.27508\include\xstring(4167): note: see declaration of 'std::basic_string<char,std::char_traits<char>,std::allocator<char>>'
C:\Users\mbrin\Documents\GitHub\Iris_Image_Matching\x64\Release\HeaderFiles\Iris\pirManager.h(83): warning C4251: 'Proline::pirManager::mOutputDirParameters': class 'std::basic_string<char,std::char_traits<char>,std::allocator<char>>' needs to have dll-interface to be used by clients of class 'Proline::pirManager'
  C:\Program Files (x86)\Microsoft Visual Studio\2019\Community\VC\Tools\MSVC\14.20.27508\include\xstring(4167): note: see declaration of 'std::basic_string<char,std::char_traits<char>,std::allocator<char>>'
C:\Users\mbrin\Documents\GitHub\Iris_Image_Matching\x64\Release\HeaderFiles\Iris\pirManager.h(84): warning C4251: 'Proline::pirManager::mOutputDirMasks': class 'std::basic_string<char,std::char_traits<char>,std::allocator<char>>' needs to have dll-interface to be used by clients of class 'Proline::pirManager'
  C:\Program Files (x86)\Microsoft Visual Studio\2019\Community\VC\Tools\MSVC\14.20.27508\include\xstring(4167): note: see declaration of 'std::basic_string<char,std::char_traits<char>,std::allocator<char>>'
C:\Users\mbrin\Documents\GitHub\Iris_Image_Matching\x64\Release\HeaderFiles\Iris\pirManager.h(85): warning C4251: 'Proline::pirManager::mOutputDirNormalizedImages': class 'std::basic_string<char,std::char_traits<char>,std::allocator<char>>' needs to have dll-interface to be used by clients of class 'Proline::pirManager'
  C:\Program Files (x86)\Microsoft Visual Studio\2019\Community\VC\Tools\MSVC\14.20.27508\include\xstring(4167): note: see declaration of 'std::basic_string<char,std::char_traits<char>,std::allocator<char>>'
C:\Users\mbrin\Documents\GitHub\Iris_Image_Matching\x64\Release\HeaderFiles\Iris\pirManager.h(86): warning C4251: 'Proline::pirManager::mOutputDirNormalizedMasks': class 'std::basic_string<char,std::char_traits<char>,std::allocator<char>>' needs to have dll-interface to be used by clients of class 'Proline::pirManager'
  C:\Program Files (x86)\Microsoft Visual Studio\2019\Community\VC\Tools\MSVC\14.20.27508\include\xstring(4167): note: see declaration of 'std::basic_string<char,std::char_traits<char>,std::allocator<char>>'
C:\Users\mbrin\Documents\GitHub\Iris_Image_Matching\x64\Release\HeaderFiles\Iris\pirManager.h(87): warning C4251: 'Proline::pirManager::mOutputDirIrisCodes': class 'std::basic_string<char,std::char_traits<char>,std::allocator<char>>' needs to have dll-interface to be used by clients of class 'Proline::pirManager'
  C:\Program Files (x86)\Microsoft Visual Studio\2019\Community\VC\Tools\MSVC\14.20.27508\include\xstring(4167): note: see declaration of 'std::basic_string<char,std::char_traits<char>,std::allocator<char>>'
C:\Users\mbrin\Documents\GitHub\Iris_Image_Matching\x64\Release\HeaderFiles\Iris\pirManager.h(88): warning C4251: 'Proline::pirManager::mOutputFileMatchingScores': class 'std::basic_string<char,std::char_traits<char>,std::allocator<char>>' needs to have dll-interface to be used by clients of class 'Proline::pirManager'
  C:\Program Files (x86)\Microsoft Visual Studio\2019\Community\VC\Tools\MSVC\14.20.27508\include\xstring(4167): note: see declaration of 'std::basic_string<char,std::char_traits<char>,std::allocator<char>>'
C:\Users\mbrin\Documents\GitHub\Iris_Image_Matching\x64\Release\HeaderFiles\Iris\pirManager.h(100): warning C4251: 'Proline::pirManager::mFilenameGaborFilters': class 'std::basic_string<char,std::char_traits<char>,std::allocator<char>>' needs to have dll-interface to be used by clients of class 'Proline::pirManager'
  C:\Program Files (x86)\Microsoft Visual Studio\2019\Community\VC\Tools\MSVC\14.20.27508\include\xstring(4167): note: see declaration of 'std::basic_string<char,std::char_traits<char>,std::allocator<char>>'
C:\Users\mbrin\Documents\GitHub\Iris_Image_Matching\x64\Release\HeaderFiles\Iris\pirManager.h(101): warning C4251: 'Proline::pirManager::mGaborFilters': class 'std::vector<cv::Mat,std::allocator<_Ty>>' needs to have dll-interface to be used by clients of class 'Proline::pirManager'
          with
          [
              _Ty=cv::Mat
          ]
  C:\Users\mbrin\Downloads\opencv\build\include\opencv2\core\core.hpp(1341): note: see declaration of 'std::vector<cv::Mat,std::allocator<_Ty>>'
          with
          [
              _Ty=cv::Mat
          ]
C:\Users\mbrin\Documents\GitHub\Iris_Image_Matching\x64\Release\HeaderFiles\Iris\pirManager.h(102): warning C4251: 'Proline::pirManager::mFilenameApplicationPoints': class 'std::basic_string<char,std::char_traits<char>,std::allocator<char>>' needs to have dll-interface to be used by clients of class 'Proline::pirManager'
  C:\Program Files (x86)\Microsoft Visual Studio\2019\Community\VC\Tools\MSVC\14.20.27508\include\xstring(4167): note: see declaration of 'std::basic_string<char,std::char_traits<char>,std::allocator<char>>'
C:\Users\mbrin\Documents\GitHub\Iris_Image_Matching\x64\Release\HeaderFiles\Iris\pirManager.h(103): warning C4251: 'Proline::pirManager::mpApplicationPoints': class 'cv::Mat' needs to have dll-interface to be used by clients of class 'Proline::pirManager'
  C:\Users\mbrin\Downloads\opencv\build\include\opencv2\core\core.hpp(1689): note: see declaration of 'cv::Mat'
C:\Users\mbrin\Documents\GitHub\Iris_Image_Matching\x64\Release\HeaderFiles\Iris\pirManager.h(106): warning C4251: 'Proline::pirManager::mSuffixSegmentedImages': class 'std::basic_string<char,std::char_traits<char>,std::allocator<char>>' needs to have dll-interface to be used by clients of class 'Proline::pirManager'
  C:\Program Files (x86)\Microsoft Visual Studio\2019\Community\VC\Tools\MSVC\14.20.27508\include\xstring(4167): note: see declaration of 'std::basic_string<char,std::char_traits<char>,std::allocator<char>>'
C:\Users\mbrin\Documents\GitHub\Iris_Image_Matching\x64\Release\HeaderFiles\Iris\pirManager.h(107): warning C4251: 'Proline::pirManager::mSuffixParameters': class 'std::basic_string<char,std::char_traits<char>,std::allocator<char>>' needs to have dll-interface to be used by clients of class 'Proline::pirManager'
  C:\Program Files (x86)\Microsoft Visual Studio\2019\Community\VC\Tools\MSVC\14.20.27508\include\xstring(4167): note: see declaration of 'std::basic_string<char,std::char_traits<char>,std::allocator<char>>'
C:\Users\mbrin\Documents\GitHub\Iris_Image_Matching\x64\Release\HeaderFiles\Iris\pirManager.h(108): warning C4251: 'Proline::pirManager::mSuffixMasks': class 'std::basic_string<char,std::char_traits<char>,std::allocator<char>>' needs to have dll-interface to be used by clients of class 'Proline::pirManager'
  C:\Program Files (x86)\Microsoft Visual Studio\2019\Community\VC\Tools\MSVC\14.20.27508\include\xstring(4167): note: see declaration of 'std::basic_string<char,std::char_traits<char>,std::allocator<char>>'
C:\Users\mbrin\Documents\GitHub\Iris_Image_Matching\x64\Release\HeaderFiles\Iris\pirManager.h(109): warning C4251: 'Proline::pirManager::mSuffixNormalizedImages': class 'std::basic_string<char,std::char_traits<char>,std::allocator<char>>' needs to have dll-interface to be used by clients of class 'Proline::pirManager'
  C:\Program Files (x86)\Microsoft Visual Studio\2019\Community\VC\Tools\MSVC\14.20.27508\include\xstring(4167): note: see declaration of 'std::basic_string<char,std::char_traits<char>,std::allocator<char>>'
C:\Users\mbrin\Documents\GitHub\Iris_Image_Matching\x64\Release\HeaderFiles\Iris\pirManager.h(110): warning C4251: 'Proline::pirManager::mSuffixNormalizedMasks': class 'std::basic_string<char,std::char_traits<char>,std::allocator<char>>' needs to have dll-interface to be used by clients of class 'Proline::pirManager'
  C:\Program Files (x86)\Microsoft Visual Studio\2019\Community\VC\Tools\MSVC\14.20.27508\include\xstring(4167): note: see declaration of 'std::basic_string<char,std::char_traits<char>,std::allocator<char>>'
C:\Users\mbrin\Documents\GitHub\Iris_Image_Matching\x64\Release\HeaderFiles\Iris\pirManager.h(111): warning C4251: 'Proline::pirManager::mSuffixIrisCodes': class 'std::basic_string<char,std::char_traits<char>,std::allocator<char>>' needs to have dll-interface to be used by clients of class 'Proline::pirManager'
  C:\Program Files (x86)\Microsoft Visual Studio\2019\Community\VC\Tools\MSVC\14.20.27508\include\xstring(4167): note: see declaration of 'std::basic_string<char,std::char_traits<char>,std::allocator<char>>'
C:\Users\mbrin\Documents\GitHub\Iris_Image_Matching\x64\Release\HeaderFiles\Iris\pirManager.h(114): warning C4251: 'Proline::pirManager::mMapBool': class 'std::map<std::string,bool *,std::less<_Kty>,std::allocator<std::pair<const _Kty,_Ty>>>' needs to have dll-interface to be used by clients of class 'Proline::pirManager'
          with
          [
              _Kty=std::string,
              _Ty=bool *
          ]
  C:\Users\mbrin\Documents\GitHub\Iris_Image_Matching\x64\Release\HeaderFiles\Iris\pirManager.h(114): note: see declaration of 'std::map<std::string,bool *,std::less<_Kty>,std::allocator<std::pair<const _Kty,_Ty>>>'
          with
          [
              _Kty=std::string,
              _Ty=bool *
          ]
C:\Users\mbrin\Documents\GitHub\Iris_Image_Matching\x64\Release\HeaderFiles\Iris\pirManager.h(115): warning C4251: 'Proline::pirManager::mMapInt': class 'std::map<std::string,int *,std::less<_Kty>,std::allocator<std::pair<const _Kty,_Ty>>>' needs to have dll-interface to be used by clients of class 'Proline::pirManager'
          with
          [
              _Kty=std::string,
              _Ty=int *
          ]
  C:\Users\mbrin\Documents\GitHub\Iris_Image_Matching\x64\Release\HeaderFiles\Iris\pirManager.h(115): note: see declaration of 'std::map<std::string,int *,std::less<_Kty>,std::allocator<std::pair<const _Kty,_Ty>>>'
          with
          [
              _Kty=std::string,
              _Ty=int *
          ]
C:\Users\mbrin\Documents\GitHub\Iris_Image_Matching\x64\Release\HeaderFiles\Iris\pirManager.h(116): warning C4251: 'Proline::pirManager::mMapString': class 'std::map<std::string,std::string *,std::less<_Kty>,std::allocator<std::pair<const _Kty,_Ty>>>' needs to have dll-interface to be used by clients of class 'Proline::pirManager'
          with
          [
              _Kty=std::string,
              _Ty=std::string *
          ]
  C:\Users\mbrin\Documents\GitHub\Iris_Image_Matching\x64\Release\HeaderFiles\Iris\pirManager.h(116): note: see declaration of 'std::map<std::string,std::string *,std::less<_Kty>,std::allocator<std::pair<const _Kty,_Ty>>>'
          with
          [
              _Kty=std::string,
              _Ty=std::string *
          ]
  pirCircle.cpp
C:\Users\mbrin\Documents\GitHub\Iris_Image_Matching\myIris\pirCircle.cpp(115): warning C4244: 'initializing': conversion from 'double' to 'float', possible loss of data
C:\Users\mbrin\Documents\GitHub\Iris_Image_Matching\myIris\pirCircle.cpp(116): warning C4244: 'initializing': conversion from 'double' to 'float', possible loss of data
C:\Users\mbrin\Documents\GitHub\Iris_Image_Matching\myIris\pirCircle.cpp(119): warning C4244: 'argument': conversion from 'float' to '_Tp', possible loss of data
          with
          [
              _Tp=int
          ]
  pirEye.cpp
C:\Users\mbrin\Documents\GitHub\Iris_Image_Matching\myIris\pirEye.cpp(324): warning C4267: 'argument': conversion from 'size_t' to 'int', possible loss of data
  pirManager.cpp
C:\Users\mbrin\Documents\GitHub\Iris_Image_Matching\myIris\pirStringUtils.h(72): warning C4267: 'initializing': conversion from 'size_t' to 'int', possible loss of data
C:\Users\mbrin\Documents\GitHub\Iris_Image_Matching\myIris\pirStringUtils.h(128): warning C4267: 'initializing': conversion from 'size_t' to 'int', possible loss of data
C:\Users\mbrin\Documents\GitHub\Iris_Image_Matching\myIris\pirManager.cpp(170): warning C4267: 'initializing': conversion from 'size_t' to 'int', possible loss of data
C:\Users\mbrin\Documents\GitHub\Iris_Image_Matching\myIris\pirManager.cpp(180): warning C4267: 'initializing': conversion from 'size_t' to 'int', possible loss of data
  pirProcessings.cpp
C:\Users\mbrin\Documents\GitHub\Iris_Image_Matching\myIris\pirStringUtils.h(72): warning C4267: 'initializing': conversion from 'size_t' to 'int', possible loss of data
C:\Users\mbrin\Documents\GitHub\Iris_Image_Matching\myIris\pirStringUtils.h(128): warning C4267: 'initializing': conversion from 'size_t' to 'int', possible loss of data
C:\Users\mbrin\Documents\GitHub\Iris_Image_Matching\myIris\pirProcessings.cpp(64): warning C4244: '=': conversion from 'float' to 'int', possible loss of data
C:\Users\mbrin\Documents\GitHub\Iris_Image_Matching\myIris\pirProcessings.cpp(75): warning C4244: '=': conversion from 'float' to 'int', possible loss of data
C:\Users\mbrin\Documents\GitHub\Iris_Image_Matching\myIris\pirProcessings.cpp(80): warning C4244: '=': conversion from 'float' to 'int', possible loss of data
C:\Users\mbrin\Documents\GitHub\Iris_Image_Matching\myIris\pirProcessings.cpp(99): warning C4244: '=': conversion from 'float' to 'int', possible loss of data
C:\Users\mbrin\Documents\GitHub\Iris_Image_Matching\myIris\pirProcessings.cpp(133): warning C4244: 'argument': conversion from 'double' to '_Tp', possible loss of data
          with
          [
              _Tp=int
          ]
C:\Users\mbrin\Documents\GitHub\Iris_Image_Matching\myIris\pirProcessings.cpp(132): warning C4244: 'argument': conversion from 'double' to '_Tp', possible loss of data
          with
          [
              _Tp=int
          ]
C:\Users\mbrin\Documents\GitHub\Iris_Image_Matching\myIris\pirProcessings.cpp(131): warning C4244: 'argument': conversion from 'double' to '_Tp', possible loss of data
          with
          [
              _Tp=int
          ]
C:\Users\mbrin\Documents\GitHub\Iris_Image_Matching\myIris\pirProcessings.cpp(130): warning C4244: 'argument': conversion from 'double' to '_Tp', possible loss of data
          with
          [
              _Tp=int
          ]
C:\Users\mbrin\Documents\GitHub\Iris_Image_Matching\myIris\pirProcessings.cpp(151): warning C4244: '=': conversion from 'double' to 'float', possible loss of data
C:\Users\mbrin\Documents\GitHub\Iris_Image_Matching\myIris\pirProcessings.cpp(173): warning C4244: '=': conversion from 'double' to 'float', possible loss of data
C:\Users\mbrin\Documents\GitHub\Iris_Image_Matching\myIris\pirProcessings.cpp(205): warning C4244: 'argument': conversion from 'float' to 'const _Ty', possible loss of data
          with
          [
              _Ty=int
          ]
C:\Users\mbrin\Documents\GitHub\Iris_Image_Matching\myIris\pirProcessings.cpp(206): warning C4244: 'argument': conversion from 'float' to 'const _Ty', possible loss of data
          with
          [
              _Ty=int
          ]
C:\Users\mbrin\Documents\GitHub\Iris_Image_Matching\myIris\pirProcessings.cpp(213): warning C4244: '=': conversion from 'double' to 'float', possible loss of data
C:\Users\mbrin\Documents\GitHub\Iris_Image_Matching\myIris\pirProcessings.cpp(260): warning C4244: '=': conversion from 'double' to 'float', possible loss of data
C:\Users\mbrin\Documents\GitHub\Iris_Image_Matching\myIris\pirProcessings.cpp(303): warning C4244: 'initializing': conversion from 'double' to 'float', possible loss of data
C:\Users\mbrin\Documents\GitHub\Iris_Image_Matching\myIris\pirProcessings.cpp(358): warning C4244: '=': conversion from 'float' to 'int', possible loss of data
C:\Users\mbrin\Documents\GitHub\Iris_Image_Matching\myIris\pirProcessings.cpp(359): warning C4244: '=': conversion from 'float' to 'int', possible loss of data
C:\Users\mbrin\Documents\GitHub\Iris_Image_Matching\myIris\pirProcessings.cpp(405): warning C4244: '=': conversion from 'float' to 'int', possible loss of data
C:\Users\mbrin\Documents\GitHub\Iris_Image_Matching\myIris\pirProcessings.cpp(406): warning C4244: '=': conversion from 'float' to 'int', possible loss of data
C:\Users\mbrin\Documents\GitHub\Iris_Image_Matching\myIris\pirProcessings.cpp(429): warning C4267: '=': conversion from 'size_t' to 'int', possible loss of data
C:\Users\mbrin\Documents\GitHub\Iris_Image_Matching\myIris\pirProcessings.cpp(436): warning C4267: '=': conversion from 'size_t' to 'int', possible loss of data
C:\Users\mbrin\Documents\GitHub\Iris_Image_Matching\myIris\pirProcessings.cpp(452): warning C4244: 'argument': conversion from 'float' to '_Tp', possible loss of data
          with
          [
              _Tp=int
          ]
C:\Users\mbrin\Documents\GitHub\Iris_Image_Matching\myIris\pirProcessings.cpp(518): warning C4244: 'initializing': conversion from '_Tp' to 'float', possible loss of data
          with
          [
              _Tp=double
          ]
C:\Users\mbrin\Documents\GitHub\Iris_Image_Matching\myIris\pirProcessings.cpp(540): warning C4244: 'initializing': conversion from 'float' to 'int', possible loss of data
C:\Users\mbrin\Documents\GitHub\Iris_Image_Matching\myIris\pirProcessings.cpp(541): warning C4244: 'initializing': conversion from 'float' to 'int', possible loss of data
C:\Users\mbrin\Documents\GitHub\Iris_Image_Matching\myIris\pirProcessings.cpp(583): warning C4244: '=': conversion from 'float' to 'int', possible loss of data
C:\Users\mbrin\Documents\GitHub\Iris_Image_Matching\myIris\pirProcessings.cpp(589): warning C4244: 'initializing': conversion from 'float' to 'int', possible loss of data
C:\Users\mbrin\Documents\GitHub\Iris_Image_Matching\myIris\pirProcessings.cpp(620): warning C4244: 'argument': conversion from 'float' to 'int', possible loss of data
C:\Users\mbrin\Documents\GitHub\Iris_Image_Matching\myIris\pirProcessings.cpp(621): warning C4244: 'argument': conversion from 'float' to '_Tp', possible loss of data
          with
          [
              _Tp=int
          ]
C:\Users\mbrin\Documents\GitHub\Iris_Image_Matching\myIris\pirProcessings.cpp(624): warning C4244: '=': conversion from 'float' to 'int', possible loss of data
C:\Users\mbrin\Documents\GitHub\Iris_Image_Matching\myIris\pirProcessings.cpp(625): warning C4244: '=': conversion from 'float' to 'int', possible loss of data
C:\Users\mbrin\Documents\GitHub\Iris_Image_Matching\myIris\pirProcessings.cpp(667): warning C4244: 'initializing': conversion from 'int' to 'float', possible loss of data
C:\Users\mbrin\Documents\GitHub\Iris_Image_Matching\myIris\pirProcessings.cpp(670): warning C4244: 'initializing': conversion from 'int' to 'float', possible loss of data
C:\Users\mbrin\Documents\GitHub\Iris_Image_Matching\myIris\pirProcessings.cpp(737): warning C4244: 'initializing': conversion from 'float' to 'int', possible loss of data
C:\Users\mbrin\Documents\GitHub\Iris_Image_Matching\myIris\pirProcessings.cpp(738): warning C4244: 'initializing': conversion from 'float' to 'int', possible loss of data
C:\Users\mbrin\Documents\GitHub\Iris_Image_Matching\myIris\pirProcessings.cpp(739): warning C4244: 'initializing': conversion from 'float' to 'int', possible loss of data
C:\Users\mbrin\Documents\GitHub\Iris_Image_Matching\myIris\pirProcessings.cpp(866): warning C4267: 'argument': conversion from 'size_t' to '_Tp', possible loss of data
          with
          [
              _Tp=int
          ]
C:\Users\mbrin\Documents\GitHub\Iris_Image_Matching\myIris\pirProcessings.cpp(878): warning C4554: '&': check operator precedence for possible error; use parentheses to clarify precedence
C:\Users\mbrin\Documents\GitHub\Iris_Image_Matching\myIris\pirProcessings.cpp(1082): warning C4267: 'initializing': conversion from 'size_t' to 'int', possible loss of data
C:\Users\mbrin\Documents\GitHub\Iris_Image_Matching\myIris\pirProcessings.cpp(1104): warning C4554: '&': check operator precedence for possible error; use parentheses to clarify precedence
C:\Users\mbrin\Documents\GitHub\Iris_Image_Matching\myIris\pirProcessings.cpp(1175): warning C4267: 'initializing': conversion from 'size_t' to 'int', possible loss of data
C:\Users\mbrin\Documents\GitHub\Iris_Image_Matching\myIris\pirProcessings.cpp(1182): warning C4267: 'argument': conversion from 'size_t' to 'int', possible loss of data
     Creating library C:\Users\mbrin\Documents\GitHub\Iris_Image_Matching\x64\Release\myIris.lib and object C:\Users\mbrin\Documents\GitHub\Iris_Image_Matching\x64\Release\myIris.exp
  Generating code
  0 of 1157 functions ( 0.0%) were compiled, the rest were copied from previous compilation.
    0 functions were new in current compilation
    0 functions had inline decision re-evaluated but remain unchanged
  Finished generating code
  myIris.vcxproj -> C:\Users\mbrin\Documents\GitHub\Iris_Image_Matching\x64\Release\myIris.exe
